[INFO] Scanning for projects...
[INFO]
[INFO] --------------------------< com.example:demo >--------------------------
[INFO] Building  0.0.1-SNAPSHOT
[INFO]   from pom.xml
[INFO] --------------------------------[ jar ]---------------------------------
[INFO]
[INFO] >>> spring-boot:4.1.0:run (default-cli) > test-compile @ demo >>>
[INFO]
[INFO] --- resources:3.5.0:resources (default-resources) @ demo ---
[INFO] Copying 3 resources from src/main/resources to target/classes
[INFO] Copying 13 resources from src/main/resources to target/classes
[INFO]
[INFO] --- compiler:3.15.0:compile (default-compile) @ demo ---
[INFO] Nothing to compile - all classes are up to date.
[INFO]
[INFO] --- resources:3.5.0:testResources (default-testResources) @ demo ---
[INFO] skip non existing resourceDirectory /app/demo/src/test/resources
[INFO]
[INFO] --- compiler:3.15.0:testCompile (default-testCompile) @ demo ---
[INFO] Nothing to compile - all classes are up to date.
[INFO]
[INFO] <<< spring-boot:4.1.0:run (default-cli) < test-compile @ demo <<<
[INFO]
[INFO]
[INFO] --- spring-boot:4.1.0:run (default-cli) @ demo ---
[INFO] Attaching agents: []

  .   ____          _            __ _ _
 /\\ / ___'_ __ _ _(_)_ __  __ _ \ \ \ \
( ( )\___ | '_ | '_| | '_ \/ _` | \ \ \ \
 \\/  ___)| |_)| | | | | || (_| |  ) ) ) )
  '  |____| .__|_| |_|_| |_\__, | / / / /
 =========|_|==============|___/=/_/_/_/

 :: Spring Boot ::                (v4.1.0)

2026-06-30T11:56:06.308Z  INFO 213765 --- [demo] [  restartedMain] com.example.demo.DemoApplication         : Starting DemoApplication using Java 21.0.10 with PID 213765 (/app/demo/target/classes started by jules in /app/demo)
2026-06-30T11:56:06.312Z  INFO 213765 --- [demo] [  restartedMain] com.example.demo.DemoApplication         : The following 1 profile is active: "dev"
2026-06-30T11:56:06.370Z  INFO 213765 --- [demo] [  restartedMain] .e.DevToolsPropertyDefaultsPostProcessor : Devtools property defaults active! Set 'spring.devtools.add-properties' to 'false' to disable
2026-06-30T11:56:06.370Z  INFO 213765 --- [demo] [  restartedMain] .e.DevToolsPropertyDefaultsPostProcessor : For additional web related logging consider setting the 'logging.level.web' property to 'DEBUG'
2026-06-30T11:56:07.099Z  INFO 213765 --- [demo] [  restartedMain] .s.d.r.c.RepositoryConfigurationDelegate : Bootstrapping Spring Data JPA repositories in DEFAULT mode.
2026-06-30T11:56:07.215Z  INFO 213765 --- [demo] [  restartedMain] .s.d.r.c.RepositoryConfigurationDelegate : Finished Spring Data repository scanning in 86 ms. Found 10 JPA repository interfaces.
2026-06-30T11:56:07.956Z  INFO 213765 --- [demo] [  restartedMain] o.s.boot.tomcat.TomcatWebServer          : Tomcat initialized with port 8080 (http)
2026-06-30T11:56:07.976Z  INFO 213765 --- [demo] [  restartedMain] o.apache.catalina.core.StandardService   : Starting service [Tomcat]
2026-06-30T11:56:07.977Z  INFO 213765 --- [demo] [  restartedMain] o.apache.catalina.core.StandardEngine    : Starting Servlet engine: [Apache Tomcat/11.0.22]
2026-06-30T11:56:08.020Z  INFO 213765 --- [demo] [  restartedMain] b.w.c.s.WebApplicationContextInitializer : Root WebApplicationContext: initialization completed in 1648 ms
2026-06-30T11:56:08.285Z  INFO 213765 --- [demo] [  restartedMain] org.hibernate.orm.jpa                    : HHH008540: Processing PersistenceUnitInfo [name: default]
2026-06-30T11:56:08.336Z  INFO 213765 --- [demo] [  restartedMain] org.hibernate.orm.core                   : HHH000001: Hibernate ORM core version 7.4.1.Final
2026-06-30T11:56:08.802Z  INFO 213765 --- [demo] [  restartedMain] o.s.o.j.p.SpringPersistenceUnitInfo      : No LoadTimeWeaver setup: ignoring JPA class transformer
2026-06-30T11:56:08.837Z  INFO 213765 --- [demo] [  restartedMain] com.zaxxer.hikari.HikariDataSource       : HikariPool-1 - Starting...
2026-06-30T11:56:09.088Z  INFO 213765 --- [demo] [  restartedMain] com.zaxxer.hikari.pool.HikariPool        : HikariPool-1 - Added connection conn0: url=jdbc:h2:mem:bunbodb user=SA
2026-06-30T11:56:09.090Z  INFO 213765 --- [demo] [  restartedMain] com.zaxxer.hikari.HikariDataSource       : HikariPool-1 - Start completed.
2026-06-30T11:56:09.115Z  WARN 213765 --- [demo] [  restartedMain] org.hibernate.orm.deprecation            : HHH90000025: H2Dialect does not need to be specified explicitly using 'hibernate.dialect' (remove the property setting and it will be selected by default)
2026-06-30T11:56:09.140Z  INFO 213765 --- [demo] [  restartedMain] org.hibernate.orm.connections.pooling    : HHH10001005: Database info:
	Database JDBC URL [jdbc:h2:mem:bunbodb]
	Database driver: H2 JDBC Driver
	Database dialect: H2Dialect
	Database version: 2.4.240
	Default catalog/schema: BUNBODB/PUBLIC
	Autocommit mode: undefined/unknown
	Isolation level: READ_COMMITTED [default READ_COMMITTED]
	JDBC fetch size: 100
	Pool: DataSourceConnectionProvider
	Minimum pool size: undefined/unknown
	Maximum pool size: undefined/unknown
2026-06-30T11:56:10.390Z  INFO 213765 --- [demo] [  restartedMain] org.hibernate.orm.core                   : HHH000489: No JTA platform available (set 'hibernate.transaction.jta.platform' to enable JTA platform integration)
Hibernate:
    create table activity_logs (
        id bigint generated by default as identity,
        action varchar(255) not null,
        description varchar(1000),
        ip_address varchar(255),
        timestamp timestamp(6) not null,
        username varchar(255) not null,
        primary key (id)
    )
Hibernate:
    create table branches (
        id bigint generated by default as identity,
        address varchar(255),
        name varchar(255) not null,
        phone varchar(255),
        status varchar(255) not null,
        primary key (id)
    )
Hibernate:
    create table dishes (
        id bigint generated by default as identity,
        category varchar(255) not null,
        image_url varchar(255),
        is_available boolean not null,
        name varchar(255) not null,
        price float(53) not null,
        branch_id bigint,
        primary key (id)
    )
Hibernate:
    create table inventory (
        id bigint generated by default as identity,
        ingredient_name varchar(255) not null,
        min_threshold float(53) not null,
        quantity float(53) not null,
        unit varchar(255) not null,
        branch_id bigint,
        primary key (id)
    )
Hibernate:
    create table order_items (
        id bigint generated by default as identity,
        price float(53) not null,
        quantity integer not null,
        status varchar(255) not null,
        dish_id bigint not null,
        order_id bigint not null,
        primary key (id)
    )
Hibernate:
    create table orders (
        id bigint generated by default as identity,
        created_at timestamp(6) not null,
        customer_name varchar(255),
        payment_method varchar(255) not null,
        payment_status varchar(255) not null,
        status varchar(255) not null,
        total_amount float(53) not null,
        branch_id bigint,
        table_id bigint,
        primary key (id)
    )
Hibernate:
    create table recipe_items (
        id bigint generated by default as identity,
        amount float(53) not null,
        ingredient_name varchar(255) not null,
        unit varchar(255) not null,
        recipe_id bigint not null,
        primary key (id)
    )
Hibernate:
    create table recipes (
        id bigint generated by default as identity,
        branch_id bigint,
        dish_id bigint not null,
        primary key (id)
    )
Hibernate:
    create table restaurant_tables (
        id bigint generated by default as identity,
        status varchar(255) not null,
        table_number varchar(255) not null,
        branch_id bigint,
        primary key (id)
    )
Hibernate:
    create table roles (
        id bigint generated by default as identity,
        name varchar(255) not null,
        primary key (id)
    )
Hibernate:
    create table users (
        id bigint generated by default as identity,
        enabled boolean not null,
        full_name varchar(255),
        password varchar(255) not null,
        username varchar(255) not null,
        branch_id bigint,
        role_id bigint not null,
        primary key (id)
    )
Hibernate:
    alter table if exists inventory
       drop constraint if exists UKg7b9iqhhgb0nt3eut12btq6w3
Hibernate:
    alter table if exists inventory
       add constraint UKg7b9iqhhgb0nt3eut12btq6w3 unique (ingredient_name, branch_id)
Hibernate:
    alter table if exists recipes
       drop constraint if exists UKchjr8n5oagqaa1w9v6416pxwh
Hibernate:
    alter table if exists recipes
       add constraint UKchjr8n5oagqaa1w9v6416pxwh unique (dish_id)
Hibernate:
    alter table if exists restaurant_tables
       drop constraint if exists UK5d1x444o7m6ecrse65dnai064
Hibernate:
    alter table if exists restaurant_tables
       add constraint UK5d1x444o7m6ecrse65dnai064 unique (table_number, branch_id)
Hibernate:
    alter table if exists roles
       drop constraint if exists UKofx66keruapi6vyqpv6f2or37
Hibernate:
    alter table if exists roles
       add constraint UKofx66keruapi6vyqpv6f2or37 unique (name)
Hibernate:
    alter table if exists users
       drop constraint if exists UKr43af9ap4edm43mmtq01oddj6
Hibernate:
    alter table if exists users
       add constraint UKr43af9ap4edm43mmtq01oddj6 unique (username)
Hibernate:
    alter table if exists dishes
       add constraint FKhnsyyclffuol21ku4dk7jba6m
       foreign key (branch_id)
       references branches
Hibernate:
    alter table if exists inventory
       add constraint FK1gpcyqsx51nm9g5op1hsrfbno
       foreign key (branch_id)
       references branches
Hibernate:
    alter table if exists order_items
       add constraint FKn06bdypik73hotpxvefsrtn77
       foreign key (dish_id)
       references dishes
Hibernate:
    alter table if exists order_items
       add constraint FKbioxgbv59vetrxe0ejfubep1w
       foreign key (order_id)
       references orders
Hibernate:
    alter table if exists orders
       add constraint FKjcfql8n80mxan8of04c8sd8k2
       foreign key (branch_id)
       references branches
Hibernate:
    alter table if exists orders
       add constraint FK8nathddqyn5kpjldujiu5lhhv
       foreign key (table_id)
       references restaurant_tables
Hibernate:
    alter table if exists recipe_items
       add constraint FKsq55ux9w8lmpkxurl9w7wvt00
       foreign key (recipe_id)
       references recipes
Hibernate:
    alter table if exists recipes
       add constraint FKf88bghhf59gu8ugjg2bs5g4nx
       foreign key (branch_id)
       references branches
Hibernate:
    alter table if exists recipes
       add constraint FKcj53m9x5lckanwckx16ad8tan
       foreign key (dish_id)
       references dishes
Hibernate:
    alter table if exists restaurant_tables
       add constraint FK96qpu1nhwbcdj12pdjmco19k0
       foreign key (branch_id)
       references branches
Hibernate:
    alter table if exists users
       add constraint FK9o70sp9ku40077y38fk4wieyk
       foreign key (branch_id)
       references branches
Hibernate:
    alter table if exists users
       add constraint FKp56c1712k691lhsyewcssf40f
       foreign key (role_id)
       references roles
2026-06-30T11:56:10.528Z  INFO 213765 --- [demo] [  restartedMain] j.LocalContainerEntityManagerFactoryBean : Initialized JPA EntityManagerFactory for persistence unit 'default'
2026-06-30T11:56:10.634Z  INFO 213765 --- [demo] [  restartedMain] o.s.d.j.r.query.QueryEnhancerFactories   : Hibernate is in classpath; If applicable, HQL parser will be used.
2026-06-30T11:56:11.665Z  WARN 213765 --- [demo] [  restartedMain] JpaBaseConfiguration$JpaWebConfiguration : spring.jpa.open-in-view is enabled by default. Therefore, database queries may be performed during view rendering. Explicitly configure spring.jpa.open-in-view to disable this warning
2026-06-30T11:56:11.701Z  INFO 213765 --- [demo] [  restartedMain] r$InitializeUserDetailsManagerConfigurer : Global AuthenticationManager configured with UserDetailsService bean with name customUserDetailsService
2026-06-30T11:56:12.264Z  INFO 213765 --- [demo] [  restartedMain] o.s.boot.tomcat.TomcatWebServer          : Tomcat started on port 8080 (http) with context path '/'
2026-06-30T11:56:12.272Z  INFO 213765 --- [demo] [  restartedMain] com.example.demo.DemoApplication         : Started DemoApplication in 6.462 seconds (process running for 6.956)
Hibernate:
    select
        count(*)
    from
        branches b1_0
Hibernate:
    insert
    into
        branches
        (address, name, phone, status, id)
    values
        (?, ?, ?, ?, default)
--> Seeded default Branch successfully!
Hibernate:
    select
        count(*)
    from
        roles r1_0
Hibernate:
    insert
    into
        roles
        (name, id)
    values
        (?, default)
Hibernate:
    insert
    into
        roles
        (name, id)
    values
        (?, default)
Hibernate:
    insert
    into
        roles
        (name, id)
    values
        (?, default)
Hibernate:
    insert
    into
        roles
        (name, id)
    values
        (?, default)
Hibernate:
    insert
    into
        roles
        (name, id)
    values
        (?, default)
Hibernate:
    insert
    into
        roles
        (name, id)
    values
        (?, default)
--> Seeded security Roles successfully!
Hibernate:
    select
        count(*)
    from
        users u1_0
Hibernate:
    insert
    into
        users
        (branch_id, enabled, full_name, password, role_id, username, id)
    values
        (?, ?, ?, ?, ?, ?, default)
Hibernate:
    insert
    into
        users
        (branch_id, enabled, full_name, password, role_id, username, id)
    values
        (?, ?, ?, ?, ?, ?, default)
Hibernate:
    insert
    into
        users
        (branch_id, enabled, full_name, password, role_id, username, id)
    values
        (?, ?, ?, ?, ?, ?, default)
Hibernate:
    insert
    into
        users
        (branch_id, enabled, full_name, password, role_id, username, id)
    values
        (?, ?, ?, ?, ?, ?, default)
Hibernate:
    insert
    into
        users
        (branch_id, enabled, full_name, password, role_id, username, id)
    values
        (?, ?, ?, ?, ?, ?, default)
--> Seeded default Users (admin, cashier, waiter, kitchen, inventory) successfully!
Hibernate:
    select
        count(*)
    from
        dishes d1_0
Hibernate:
    insert
    into
        dishes
        (branch_id, category, image_url, is_available, name, price, id)
    values
        (?, ?, ?, ?, ?, ?, default)
Hibernate:
    insert
    into
        dishes
        (branch_id, category, image_url, is_available, name, price, id)
    values
        (?, ?, ?, ?, ?, ?, default)
Hibernate:
    insert
    into
        dishes
        (branch_id, category, image_url, is_available, name, price, id)
    values
        (?, ?, ?, ?, ?, ?, default)
Hibernate:
    insert
    into
        dishes
        (branch_id, category, image_url, is_available, name, price, id)
    values
        (?, ?, ?, ?, ?, ?, default)
Hibernate:
    insert
    into
        dishes
        (branch_id, category, image_url, is_available, name, price, id)
    values
        (?, ?, ?, ?, ?, ?, default)
Hibernate:
    insert
    into
        dishes
        (branch_id, category, image_url, is_available, name, price, id)
    values
        (?, ?, ?, ?, ?, ?, default)
Hibernate:
    insert
    into
        dishes
        (branch_id, category, image_url, is_available, name, price, id)
    values
        (?, ?, ?, ?, ?, ?, default)
--> Seeded Menu Dishes successfully!
Hibernate:
    select
        count(*)
    from
        restaurant_tables rt1_0
Hibernate:
    insert
    into
        restaurant_tables
        (branch_id, status, table_number, id)
    values
        (?, ?, ?, default)
Hibernate:
    insert
    into
        restaurant_tables
        (branch_id, status, table_number, id)
    values
        (?, ?, ?, default)
Hibernate:
    insert
    into
        restaurant_tables
        (branch_id, status, table_number, id)
    values
        (?, ?, ?, default)
Hibernate:
    insert
    into
        restaurant_tables
        (branch_id, status, table_number, id)
    values
        (?, ?, ?, default)
Hibernate:
    insert
    into
        restaurant_tables
        (branch_id, status, table_number, id)
    values
        (?, ?, ?, default)
--> Seeded Restaurant Tables successfully!
Hibernate:
    select
        count(*)
    from
        inventory ii1_0
Hibernate:
    insert
    into
        inventory
        (branch_id, ingredient_name, min_threshold, quantity, unit, id)
    values
        (?, ?, ?, ?, ?, default)
Hibernate:
    insert
    into
        inventory
        (branch_id, ingredient_name, min_threshold, quantity, unit, id)
    values
        (?, ?, ?, ?, ?, default)
Hibernate:
    insert
    into
        inventory
        (branch_id, ingredient_name, min_threshold, quantity, unit, id)
    values
        (?, ?, ?, ?, ?, default)
Hibernate:
    insert
    into
        inventory
        (branch_id, ingredient_name, min_threshold, quantity, unit, id)
    values
        (?, ?, ?, ?, ?, default)
Hibernate:
    insert
    into
        inventory
        (branch_id, ingredient_name, min_threshold, quantity, unit, id)
    values
        (?, ?, ?, ?, ?, default)
--> Seeded Inventory Items successfully!
Hibernate:
    select
        count(*)
    from
        recipes r1_0
Hibernate:
    insert
    into
        recipes
        (branch_id, dish_id, id)
    values
        (?, ?, default)
Hibernate:
    insert
    into
        recipe_items
        (amount, ingredient_name, recipe_id, unit, id)
    values
        (?, ?, ?, ?, default)
Hibernate:
    insert
    into
        recipe_items
        (amount, ingredient_name, recipe_id, unit, id)
    values
        (?, ?, ?, ?, default)
Hibernate:
    insert
    into
        recipe_items
        (amount, ingredient_name, recipe_id, unit, id)
    values
        (?, ?, ?, ?, default)
Hibernate:
    insert
    into
        recipe_items
        (amount, ingredient_name, recipe_id, unit, id)
    values
        (?, ?, ?, ?, default)
Hibernate:
    insert
    into
        recipes
        (branch_id, dish_id, id)
    values
        (?, ?, default)
Hibernate:
    insert
    into
        recipe_items
        (amount, ingredient_name, recipe_id, unit, id)
    values
        (?, ?, ?, ?, default)
Hibernate:
    insert
    into
        recipe_items
        (amount, ingredient_name, recipe_id, unit, id)
    values
        (?, ?, ?, ?, default)
Hibernate:
    insert
    into
        recipe_items
        (amount, ingredient_name, recipe_id, unit, id)
    values
        (?, ?, ?, ?, default)
Hibernate:
    insert
    into
        recipe_items
        (amount, ingredient_name, recipe_id, unit, id)
    values
        (?, ?, ?, ?, default)
Hibernate:
    insert
    into
        recipes
        (branch_id, dish_id, id)
    values
        (?, ?, default)
Hibernate:
    insert
    into
        recipe_items
        (amount, ingredient_name, recipe_id, unit, id)
    values
        (?, ?, ?, ?, default)
Hibernate:
    insert
    into
        recipe_items
        (amount, ingredient_name, recipe_id, unit, id)
    values
        (?, ?, ?, ?, default)
--> Seeded Recipes successfully!
2026-06-30T11:56:47.177Z  INFO 213765 --- [demo] [nio-8080-exec-1] o.a.c.c.C.[Tomcat].[localhost].[/]       : Initializing Spring DispatcherServlet 'dispatcherServlet'
2026-06-30T11:56:47.177Z  INFO 213765 --- [demo] [nio-8080-exec-1] o.s.web.servlet.DispatcherServlet        : Initializing Servlet 'dispatcherServlet'
2026-06-30T11:56:47.179Z  INFO 213765 --- [demo] [nio-8080-exec-1] o.s.web.servlet.DispatcherServlet        : Completed initialization in 2 ms
Hibernate:
    select
        u1_0.id,
        u1_0.branch_id,
        u1_0.enabled,
        u1_0.full_name,
        u1_0.password,
        u1_0.role_id,
        u1_0.username
    from
        users u1_0
    where
        u1_0.username=?
Hibernate:
    select
        b1_0.id,
        b1_0.address,
        b1_0.name,
        b1_0.phone,
        b1_0.status
    from
        branches b1_0
    where
        b1_0.id=?
Hibernate:
    select
        r1_0.id,
        r1_0.name
    from
        roles r1_0
    where
        r1_0.id=?
Hibernate:
    select
        u1_0.id,
        u1_0.branch_id,
        u1_0.enabled,
        u1_0.full_name,
        u1_0.password,
        u1_0.role_id,
        u1_0.username
    from
        users u1_0
    where
        u1_0.username=?
Hibernate:
    select
        b1_0.id,
        b1_0.address,
        b1_0.name,
        b1_0.phone,
        b1_0.status
    from
        branches b1_0
    where
        b1_0.id=?
Hibernate:
    select
        r1_0.id,
        r1_0.name
    from
        roles r1_0
    where
        r1_0.id=?
Hibernate:
    select
        u1_0.id,
        u1_0.branch_id,
        u1_0.enabled,
        u1_0.full_name,
        u1_0.password,
        u1_0.role_id,
        u1_0.username
    from
        users u1_0
    where
        u1_0.username=?
Hibernate:
    select
        b1_0.id,
        b1_0.address,
        b1_0.name,
        b1_0.phone,
        b1_0.status
    from
        branches b1_0
    where
        b1_0.id=?
Hibernate:
    select
        r1_0.id,
        r1_0.name
    from
        roles r1_0
    where
        r1_0.id=?
Hibernate:
    select
        d1_0.id,
        d1_0.branch_id,
        d1_0.category,
        d1_0.image_url,
        d1_0.is_available,
        d1_0.name,
        d1_0.price
    from
        dishes d1_0
    where
        d1_0.category=?
        and d1_0.is_available=true
Hibernate:
    select
        b1_0.id,
        b1_0.address,
        b1_0.name,
        b1_0.phone,
        b1_0.status
    from
        branches b1_0
    where
        b1_0.id=?
Hibernate:
    select
        u1_0.id,
        u1_0.branch_id,
        u1_0.enabled,
        u1_0.full_name,
        u1_0.password,
        u1_0.role_id,
        u1_0.username
    from
        users u1_0
    where
        u1_0.username=?
Hibernate:
    select
        b1_0.id,
        b1_0.address,
        b1_0.name,
        b1_0.phone,
        b1_0.status
    from
        branches b1_0
    where
        b1_0.id=?
Hibernate:
    select
        r1_0.id,
        r1_0.name
    from
        roles r1_0
    where
        r1_0.id=?
Hibernate:
    select
        u1_0.id,
        u1_0.branch_id,
        u1_0.enabled,
        u1_0.full_name,
        u1_0.password,
        u1_0.role_id,
        u1_0.username
    from
        users u1_0
    where
        u1_0.username=?
Hibernate:
    select
        b1_0.id,
        b1_0.address,
        b1_0.name,
        b1_0.phone,
        b1_0.status
    from
        branches b1_0
    where
        b1_0.id=?
Hibernate:
    select
        r1_0.id,
        r1_0.name
    from
        roles r1_0
    where
        r1_0.id=?
Hibernate:
    select
        u1_0.id,
        u1_0.branch_id,
        u1_0.enabled,
        u1_0.full_name,
        u1_0.password,
        u1_0.role_id,
        u1_0.username
    from
        users u1_0
    where
        u1_0.username=?
Hibernate:
    select
        b1_0.id,
        b1_0.address,
        b1_0.name,
        b1_0.phone,
        b1_0.status
    from
        branches b1_0
    where
        b1_0.id=?
Hibernate:
    select
        r1_0.id,
        r1_0.name
    from
        roles r1_0
    where
        r1_0.id=?
2026-06-30T12:10:39.709Z  INFO 213765 --- [demo] [ionShutdownHook] o.s.boot.tomcat.GracefulShutdown         : Commencing graceful shutdown. Waiting for active requests to complete
2026-06-30T12:10:39.720Z  INFO 213765 --- [demo] [tomcat-shutdown] o.s.boot.tomcat.GracefulShutdown         : Graceful shutdown complete
2026-06-30T12:10:39.726Z  INFO 213765 --- [demo] [ionShutdownHook] j.LocalContainerEntityManagerFactoryBean : Closing JPA EntityManagerFactory for persistence unit 'default'
2026-06-30T12:10:39.737Z  WARN 213765 --- [demo] [ionShutdownHook] o.s.b.f.support.DisposableBeanAdapter    : Invocation of destroy method failed on bean with name 'inMemoryDatabaseShutdownExecutor': org.h2.jdbc.JdbcSQLNonTransientConnectionException: Database is already closed (to disable automatic closing at VM shutdown, add ";DB_CLOSE_ON_EXIT=FALSE" to the db URL) [90121-240]
2026-06-30T12:10:39.738Z  INFO 213765 --- [demo] [ionShutdownHook] com.zaxxer.hikari.HikariDataSource       : HikariPool-1 - Shutdown initiated...
2026-06-30T12:10:39.741Z  INFO 213765 --- [demo] [ionShutdownHook] com.zaxxer.hikari.HikariDataSource       : HikariPool-1 - Shutdown completed.
